checking for OS
 + Linux 3.2.0-4-amd64 x86_64
checking for C compiler ... found
 + using GNU C compiler
 + gcc version: 4.7.2 (Debian 4.7.2-5) 
checking for gcc -pipe switch ... found
checking for gcc builtin atomic operations ... found
checking for C99 variadic macros ... found
checking for gcc variadic macros ... found
checking for unistd.h ... found
checking for inttypes.h ... found
checking for limits.h ... found
checking for sys/filio.h ... not found
checking for sys/param.h ... found
checking for sys/mount.h ... found
checking for sys/statvfs.h ... found
checking for crypt.h ... found
checking for Linux specific features
checking for epoll ... found
checking for sendfile() ... found
checking for sendfile64() ... found
checking for sys/prctl.h ... found
checking for prctl(PR_SET_DUMPABLE) ... found
checking for sched_setaffinity() ... found
checking for crypt_r() ... found
checking for sys/vfs.h ... found
checking for nobody group ... not found
checking for nogroup group ... found
checking for poll() ... found
checking for /dev/poll ... not found
checking for kqueue ... not found
checking for crypt() ... not found
checking for crypt() in libcrypt ... found
checking for F_READAHEAD ... not found
checking for posix_fadvise() ... found
checking for O_DIRECT ... found
checking for F_NOCACHE ... not found
checking for directio() ... not found
checking for statfs() ... found
checking for statvfs() ... found
checking for dlopen() ... not found
checking for dlopen() in libdl ... found
checking for sched_yield() ... found
checking for SO_SETFIB ... not found
checking for SO_ACCEPTFILTER ... not found
checking for TCP_DEFER_ACCEPT ... found
checking for TCP_KEEPIDLE, TCP_KEEPINTVL, TCP_KEEPCNT ... found
checking for TCP_INFO ... found
checking for accept4() ... found
checking for int size ... 4 bytes
checking for long size ... 8 bytes
checking for long long size ... 8 bytes
checking for void * size ... 8 bytes
checking for uint64_t ... found
checking for sig_atomic_t ... found
checking for sig_atomic_t size ... 4 bytes
checking for socklen_t ... found
checking for in_addr_t ... found
checking for in_port_t ... found
checking for rlim_t ... found
checking for uintptr_t ... uintptr_t found
checking for system byte ordering ... little endian
checking for size_t size ... 8 bytes
checking for off_t size ... 8 bytes
checking for time_t size ... 8 bytes
checking for setproctitle() ... not found
checking for pread() ... found
checking for pwrite() ... found
checking for sys_nerr ... found
checking for localtime_r() ... found
checking for posix_memalign() ... found
checking for memalign() ... found
checking for mmap(MAP_ANON|MAP_SHARED) ... found
checking for mmap("/dev/zero", MAP_SHARED) ... found
checking for System V shared memory ... found
checking for POSIX semaphores ... not found
checking for POSIX semaphores in libpthread ... found
checking for struct msghdr.msg_control ... found
checking for ioctl(FIONBIO) ... found
checking for struct tm.tm_gmtoff ... found
checking for struct dirent.d_namlen ... not found
checking for struct dirent.d_type ... found
checking for sysconf(_SC_NPROCESSORS_ONLN) ... found
checking for openat(), fstatat() ... found
checking for getaddrinfo() ... found
checking for PCRE library ... found
checking for PCRE JIT support ... found
checking for md5 in system md library ... not found
checking for md5 in system md5 library ... not found
checking for md5 in system OpenSSL crypto library ... found
checking for sha1 in system md library ... not found
checking for sha1 in system OpenSSL crypto library ... found
checking for zlib library ... found
creating objs/Makefile

Configuration summary
  + using system PCRE library
  + OpenSSL library is not used
  + md5: using system crypto library
  + sha1: using system crypto library
  + using system zlib library

  nginx path prefix: "/home/nginx/nginx_buro/nginx"
  nginx binary file: "/home/nginx/nginx_buro/nginx/sbin/nginx"
  nginx configuration prefix: "/home/nginx/nginx_buro/nginx"
  nginx configuration file: "/home/nginx/nginx_buro/nginx/nginx.conf"
  nginx pid file: "/home/nginx/nginx_buro/nginx/run/nginx/nginx.pid"
  nginx error log file: "/home/nginx/nginx_buro/nginx/log/nginx/error.log"
  nginx http access log file: "/home/nginx/nginx_buro/nginx/log/nginx/access.log"
  nginx http client request body temporary files: "/home/nginx/nginx_buro/nginx/tmp/nginx/client/"
  nginx http proxy temporary files: "/home/nginx/nginx_buro/nginx/tmp/nginx/proxy/"
  nginx http fastcgi temporary files: "/home/nginx/nginx_buro/nginx/tmp/nginx/fcgi/"
  nginx http uwsgi temporary files: "uwsgi_temp"
  nginx http scgi temporary files: "scgi_temp"

make -f objs/Makefile
make[1]: Entering directory `/home/nginx/nginx_buro/src/nginx-1.5.1'
cc -c -pipe  -O -W -Wall -Wpointer-arith -Wno-unused-parameter -Werror -g  -I src/core -I src/event -I src/event/modules -I src/os/unix -I objs \
		-o objs/src/core/nginx.o \
		src/core/nginx.c
cc -c -pipe  -O -W -Wall -Wpointer-arith -Wno-unused-parameter -Werror -g  -I src/core -I src/event -I src/event/modules -I src/os/unix -I objs \
		-o objs/src/core/ngx_log.o \
		src/core/ngx_log.c
cc -c -pipe  -O -W -Wall -Wpointer-arith -Wno-unused-parameter -Werror -g  -I src/core -I src/event -I src/event/modules -I src/os/unix -I objs \
		-o objs/src/core/ngx_palloc.o \
		src/core/ngx_palloc.c
cc -c -pipe  -O -W -Wall -Wpointer-arith -Wno-unused-parameter -Werror -g  -I src/core -I src/event -I src/event/modules -I src/os/unix -I objs \
		-o objs/src/core/ngx_array.o \
		src/core/ngx_array.c
cc -c -pipe  -O -W -Wall -Wpointer-arith -Wno-unused-parameter -Werror -g  -I src/core -I src/event -I src/event/modules -I src/os/unix -I objs \
		-o objs/src/core/ngx_list.o \
		src/core/ngx_list.c
cc -c -pipe  -O -W -Wall -Wpointer-arith -Wno-unused-parameter -Werror -g  -I src/core -I src/event -I src/event/modules -I src/os/unix -I objs \
		-o objs/src/core/ngx_hash.o \
		src/core/ngx_hash.c
cc -c -pipe  -O -W -Wall -Wpointer-arith -Wno-unused-parameter -Werror -g  -I src/core -I src/event -I src/event/modules -I src/os/unix -I objs \
		-o objs/src/core/ngx_buf.o \
		src/core/ngx_buf.c
cc -c -pipe  -O -W -Wall -Wpointer-arith -Wno-unused-parameter -Werror -g  -I src/core -I src/event -I src/event/modules -I src/os/unix -I objs \
		-o objs/src/core/ngx_queue.o \
		src/core/ngx_queue.c
cc -c -pipe  -O -W -Wall -Wpointer-arith -Wno-unused-parameter -Werror -g  -I src/core -I src/event -I src/event/modules -I src/os/unix -I objs \
		-o objs/src/core/ngx_output_chain.o \
		src/core/ngx_output_chain.c
cc -c -pipe  -O -W -Wall -Wpointer-arith -Wno-unused-parameter -Werror -g  -I src/core -I src/event -I src/event/modules -I src/os/unix -I objs \
		-o objs/src/core/ngx_string.o \
		src/core/ngx_string.c
cc -c -pipe  -O -W -Wall -Wpointer-arith -Wno-unused-parameter -Werror -g  -I src/core -I src/event -I src/event/modules -I src/os/unix -I objs \
		-o objs/src/core/ngx_parse.o \
		src/core/ngx_parse.c
cc -c -pipe  -O -W -Wall -Wpointer-arith -Wno-unused-parameter -Werror -g  -I src/core -I src/event -I src/event/modules -I src/os/unix -I objs \
		-o objs/src/core/ngx_inet.o \
		src/core/ngx_inet.c
cc -c -pipe  -O -W -Wall -Wpointer-arith -Wno-unused-parameter -Werror -g  -I src/core -I src/event -I src/event/modules -I src/os/unix -I objs \
		-o objs/src/core/ngx_file.o \
		src/core/ngx_file.c
cc -c -pipe  -O -W -Wall -Wpointer-arith -Wno-unused-parameter -Werror -g  -I src/core -I src/event -I src/event/modules -I src/os/unix -I objs \
		-o objs/src/core/ngx_crc32.o \
		src/core/ngx_crc32.c
cc -c -pipe  -O -W -Wall -Wpointer-arith -Wno-unused-parameter -Werror -g  -I src/core -I src/event -I src/event/modules -I src/os/unix -I objs \
		-o objs/src/core/ngx_murmurhash.o \
		src/core/ngx_murmurhash.c
cc -c -pipe  -O -W -Wall -Wpointer-arith -Wno-unused-parameter -Werror -g  -I src/core -I src/event -I src/event/modules -I src/os/unix -I objs \
		-o objs/src/core/ngx_md5.o \
		src/core/ngx_md5.c
cc -c -pipe  -O -W -Wall -Wpointer-arith -Wno-unused-parameter -Werror -g  -I src/core -I src/event -I src/event/modules -I src/os/unix -I objs \
		-o objs/src/core/ngx_rbtree.o \
		src/core/ngx_rbtree.c
cc -c -pipe  -O -W -Wall -Wpointer-arith -Wno-unused-parameter -Werror -g  -I src/core -I src/event -I src/event/modules -I src/os/unix -I objs \
		-o objs/src/core/ngx_radix_tree.o \
		src/core/ngx_radix_tree.c
cc -c -pipe  -O -W -Wall -Wpointer-arith -Wno-unused-parameter -Werror -g  -I src/core -I src/event -I src/event/modules -I src/os/unix -I objs \
		-o objs/src/core/ngx_slab.o \
		src/core/ngx_slab.c
cc -c -pipe  -O -W -Wall -Wpointer-arith -Wno-unused-parameter -Werror -g  -I src/core -I src/event -I src/event/modules -I src/os/unix -I objs \
		-o objs/src/core/ngx_times.o \
		src/core/ngx_times.c
cc -c -pipe  -O -W -Wall -Wpointer-arith -Wno-unused-parameter -Werror -g  -I src/core -I src/event -I src/event/modules -I src/os/unix -I objs \
		-o objs/src/core/ngx_shmtx.o \
		src/core/ngx_shmtx.c
cc -c -pipe  -O -W -Wall -Wpointer-arith -Wno-unused-parameter -Werror -g  -I src/core -I src/event -I src/event/modules -I src/os/unix -I objs \
		-o objs/src/core/ngx_connection.o \
		src/core/ngx_connection.c
cc -c -pipe  -O -W -Wall -Wpointer-arith -Wno-unused-parameter -Werror -g  -I src/core -I src/event -I src/event/modules -I src/os/unix -I objs \
		-o objs/src/core/ngx_cycle.o \
		src/core/ngx_cycle.c
cc -c -pipe  -O -W -Wall -Wpointer-arith -Wno-unused-parameter -Werror -g  -I src/core -I src/event -I src/event/modules -I src/os/unix -I objs \
		-o objs/src/core/ngx_spinlock.o \
		src/core/ngx_spinlock.c
cc -c -pipe  -O -W -Wall -Wpointer-arith -Wno-unused-parameter -Werror -g  -I src/core -I src/event -I src/event/modules -I src/os/unix -I objs \
		-o objs/src/core/ngx_cpuinfo.o \
		src/core/ngx_cpuinfo.c
cc -c -pipe  -O -W -Wall -Wpointer-arith -Wno-unused-parameter -Werror -g  -I src/core -I src/event -I src/event/modules -I src/os/unix -I objs \
		-o objs/src/core/ngx_conf_file.o \
		src/core/ngx_conf_file.c
cc -c -pipe  -O -W -Wall -Wpointer-arith -Wno-unused-parameter -Werror -g  -I src/core -I src/event -I src/event/modules -I src/os/unix -I objs \
		-o objs/src/core/ngx_resolver.o \
		src/core/ngx_resolver.c
cc -c -pipe  -O -W -Wall -Wpointer-arith -Wno-unused-parameter -Werror -g  -I src/core -I src/event -I src/event/modules -I src/os/unix -I objs \
		-o objs/src/core/ngx_open_file_cache.o \
		src/core/ngx_open_file_cache.c
cc -c -pipe  -O -W -Wall -Wpointer-arith -Wno-unused-parameter -Werror -g  -I src/core -I src/event -I src/event/modules -I src/os/unix -I objs \
		-o objs/src/core/ngx_crypt.o \
		src/core/ngx_crypt.c
cc -c -pipe  -O -W -Wall -Wpointer-arith -Wno-unused-parameter -Werror -g  -I src/core -I src/event -I src/event/modules -I src/os/unix -I objs \
		-o objs/src/event/ngx_event.o \
		src/event/ngx_event.c
cc -c -pipe  -O -W -Wall -Wpointer-arith -Wno-unused-parameter -Werror -g  -I src/core -I src/event -I src/event/modules -I src/os/unix -I objs \
		-o objs/src/event/ngx_event_timer.o \
		src/event/ngx_event_timer.c
cc -c -pipe  -O -W -Wall -Wpointer-arith -Wno-unused-parameter -Werror -g  -I src/core -I src/event -I src/event/modules -I src/os/unix -I objs \
		-o objs/src/event/ngx_event_posted.o \
		src/event/ngx_event_posted.c
cc -c -pipe  -O -W -Wall -Wpointer-arith -Wno-unused-parameter -Werror -g  -I src/core -I src/event -I src/event/modules -I src/os/unix -I objs \
		-o objs/src/event/ngx_event_busy_lock.o \
		src/event/ngx_event_busy_lock.c
cc -c -pipe  -O -W -Wall -Wpointer-arith -Wno-unused-parameter -Werror -g  -I src/core -I src/event -I src/event/modules -I src/os/unix -I objs \
		-o objs/src/event/ngx_event_accept.o \
		src/event/ngx_event_accept.c
cc -c -pipe  -O -W -Wall -Wpointer-arith -Wno-unused-parameter -Werror -g  -I src/core -I src/event -I src/event/modules -I src/os/unix -I objs \
		-o objs/src/event/ngx_event_connect.o \
		src/event/ngx_event_connect.c
cc -c -pipe  -O -W -Wall -Wpointer-arith -Wno-unused-parameter -Werror -g  -I src/core -I src/event -I src/event/modules -I src/os/unix -I objs \
		-o objs/src/event/ngx_event_pipe.o \
		src/event/ngx_event_pipe.c
cc -c -pipe  -O -W -Wall -Wpointer-arith -Wno-unused-parameter -Werror -g  -I src/core -I src/event -I src/event/modules -I src/os/unix -I objs \
		-o objs/src/os/unix/ngx_time.o \
		src/os/unix/ngx_time.c
cc -c -pipe  -O -W -Wall -Wpointer-arith -Wno-unused-parameter -Werror -g  -I src/core -I src/event -I src/event/modules -I src/os/unix -I objs \
		-o objs/src/os/unix/ngx_errno.o \
		src/os/unix/ngx_errno.c
cc -c -pipe  -O -W -Wall -Wpointer-arith -Wno-unused-parameter -Werror -g  -I src/core -I src/event -I src/event/modules -I src/os/unix -I objs \
		-o objs/src/os/unix/ngx_alloc.o \
		src/os/unix/ngx_alloc.c
cc -c -pipe  -O -W -Wall -Wpointer-arith -Wno-unused-parameter -Werror -g  -I src/core -I src/event -I src/event/modules -I src/os/unix -I objs \
		-o objs/src/os/unix/ngx_files.o \
		src/os/unix/ngx_files.c
cc -c -pipe  -O -W -Wall -Wpointer-arith -Wno-unused-parameter -Werror -g  -I src/core -I src/event -I src/event/modules -I src/os/unix -I objs \
		-o objs/src/os/unix/ngx_socket.o \
		src/os/unix/ngx_socket.c
cc -c -pipe  -O -W -Wall -Wpointer-arith -Wno-unused-parameter -Werror -g  -I src/core -I src/event -I src/event/modules -I src/os/unix -I objs \
		-o objs/src/os/unix/ngx_recv.o \
		src/os/unix/ngx_recv.c
cc -c -pipe  -O -W -Wall -Wpointer-arith -Wno-unused-parameter -Werror -g  -I src/core -I src/event -I src/event/modules -I src/os/unix -I objs \
		-o objs/src/os/unix/ngx_readv_chain.o \
		src/os/unix/ngx_readv_chain.c
cc -c -pipe  -O -W -Wall -Wpointer-arith -Wno-unused-parameter -Werror -g  -I src/core -I src/event -I src/event/modules -I src/os/unix -I objs \
		-o objs/src/os/unix/ngx_udp_recv.o \
		src/os/unix/ngx_udp_recv.c
cc -c -pipe  -O -W -Wall -Wpointer-arith -Wno-unused-parameter -Werror -g  -I src/core -I src/event -I src/event/modules -I src/os/unix -I objs \
		-o objs/src/os/unix/ngx_send.o \
		src/os/unix/ngx_send.c
cc -c -pipe  -O -W -Wall -Wpointer-arith -Wno-unused-parameter -Werror -g  -I src/core -I src/event -I src/event/modules -I src/os/unix -I objs \
		-o objs/src/os/unix/ngx_writev_chain.o \
		src/os/unix/ngx_writev_chain.c
cc -c -pipe  -O -W -Wall -Wpointer-arith -Wno-unused-parameter -Werror -g  -I src/core -I src/event -I src/event/modules -I src/os/unix -I objs \
		-o objs/src/os/unix/ngx_channel.o \
		src/os/unix/ngx_channel.c
cc -c -pipe  -O -W -Wall -Wpointer-arith -Wno-unused-parameter -Werror -g  -I src/core -I src/event -I src/event/modules -I src/os/unix -I objs \
		-o objs/src/os/unix/ngx_shmem.o \
		src/os/unix/ngx_shmem.c
cc -c -pipe  -O -W -Wall -Wpointer-arith -Wno-unused-parameter -Werror -g  -I src/core -I src/event -I src/event/modules -I src/os/unix -I objs \
		-o objs/src/os/unix/ngx_process.o \
		src/os/unix/ngx_process.c
cc -c -pipe  -O -W -Wall -Wpointer-arith -Wno-unused-parameter -Werror -g  -I src/core -I src/event -I src/event/modules -I src/os/unix -I objs \
		-o objs/src/os/unix/ngx_daemon.o \
		src/os/unix/ngx_daemon.c
cc -c -pipe  -O -W -Wall -Wpointer-arith -Wno-unused-parameter -Werror -g  -I src/core -I src/event -I src/event/modules -I src/os/unix -I objs \
		-o objs/src/os/unix/ngx_setaffinity.o \
		src/os/unix/ngx_setaffinity.c
cc -c -pipe  -O -W -Wall -Wpointer-arith -Wno-unused-parameter -Werror -g  -I src/core -I src/event -I src/event/modules -I src/os/unix -I objs \
		-o objs/src/os/unix/ngx_setproctitle.o \
		src/os/unix/ngx_setproctitle.c
cc -c -pipe  -O -W -Wall -Wpointer-arith -Wno-unused-parameter -Werror -g  -I src/core -I src/event -I src/event/modules -I src/os/unix -I objs \
		-o objs/src/os/unix/ngx_posix_init.o \
		src/os/unix/ngx_posix_init.c
cc -c -pipe  -O -W -Wall -Wpointer-arith -Wno-unused-parameter -Werror -g  -I src/core -I src/event -I src/event/modules -I src/os/unix -I objs \
		-o objs/src/os/unix/ngx_user.o \
		src/os/unix/ngx_user.c
cc -c -pipe  -O -W -Wall -Wpointer-arith -Wno-unused-parameter -Werror -g  -I src/core -I src/event -I src/event/modules -I src/os/unix -I objs \
		-o objs/src/os/unix/ngx_process_cycle.o \
		src/os/unix/ngx_process_cycle.c
cc -c -pipe  -O -W -Wall -Wpointer-arith -Wno-unused-parameter -Werror -g  -I src/core -I src/event -I src/event/modules -I src/os/unix -I objs \
		-o objs/src/os/unix/ngx_linux_init.o \
		src/os/unix/ngx_linux_init.c
cc -c -pipe  -O -W -Wall -Wpointer-arith -Wno-unused-parameter -Werror -g  -I src/core -I src/event -I src/event/modules -I src/os/unix -I objs \
		-o objs/src/event/modules/ngx_epoll_module.o \
		src/event/modules/ngx_epoll_module.c
cc -c -pipe  -O -W -Wall -Wpointer-arith -Wno-unused-parameter -Werror -g  -I src/core -I src/event -I src/event/modules -I src/os/unix -I objs \
		-o objs/src/os/unix/ngx_linux_sendfile_chain.o \
		src/os/unix/ngx_linux_sendfile_chain.c
cc -c -pipe  -O -W -Wall -Wpointer-arith -Wno-unused-parameter -Werror -g  -I src/core -I src/event -I src/event/modules -I src/os/unix -I objs \
		-o objs/src/core/ngx_regex.o \
		src/core/ngx_regex.c
cc -c -pipe  -O -W -Wall -Wpointer-arith -Wno-unused-parameter -Werror -g  -I src/core -I src/event -I src/event/modules -I src/os/unix -I objs -I src/http -I src/http/modules \
		-o objs/src/http/ngx_http.o \
		src/http/ngx_http.c
cc -c -pipe  -O -W -Wall -Wpointer-arith -Wno-unused-parameter -Werror -g  -I src/core -I src/event -I src/event/modules -I src/os/unix -I objs -I src/http -I src/http/modules \
		-o objs/src/http/ngx_http_core_module.o \
		src/http/ngx_http_core_module.c
cc -c -pipe  -O -W -Wall -Wpointer-arith -Wno-unused-parameter -Werror -g  -I src/core -I src/event -I src/event/modules -I src/os/unix -I objs -I src/http -I src/http/modules \
		-o objs/src/http/ngx_http_special_response.o \
		src/http/ngx_http_special_response.c
cc -c -pipe  -O -W -Wall -Wpointer-arith -Wno-unused-parameter -Werror -g  -I src/core -I src/event -I src/event/modules -I src/os/unix -I objs -I src/http -I src/http/modules \
		-o objs/src/http/ngx_http_request.o \
		src/http/ngx_http_request.c
cc -c -pipe  -O -W -Wall -Wpointer-arith -Wno-unused-parameter -Werror -g  -I src/core -I src/event -I src/event/modules -I src/os/unix -I objs -I src/http -I src/http/modules \
		-o objs/src/http/ngx_http_parse.o \
		src/http/ngx_http_parse.c
cc -c -pipe  -O -W -Wall -Wpointer-arith -Wno-unused-parameter -Werror -g  -I src/core -I src/event -I src/event/modules -I src/os/unix -I objs -I src/http -I src/http/modules \
		-o objs/src/http/ngx_http_header_filter_module.o \
		src/http/ngx_http_header_filter_module.c
cc -c -pipe  -O -W -Wall -Wpointer-arith -Wno-unused-parameter -Werror -g  -I src/core -I src/event -I src/event/modules -I src/os/unix -I objs -I src/http -I src/http/modules \
		-o objs/src/http/ngx_http_write_filter_module.o \
		src/http/ngx_http_write_filter_module.c
cc -c -pipe  -O -W -Wall -Wpointer-arith -Wno-unused-parameter -Werror -g  -I src/core -I src/event -I src/event/modules -I src/os/unix -I objs -I src/http -I src/http/modules \
		-o objs/src/http/ngx_http_copy_filter_module.o \
		src/http/ngx_http_copy_filter_module.c
cc -c -pipe  -O -W -Wall -Wpointer-arith -Wno-unused-parameter -Werror -g  -I src/core -I src/event -I src/event/modules -I src/os/unix -I objs -I src/http -I src/http/modules \
		-o objs/src/http/modules/ngx_http_log_module.o \
		src/http/modules/ngx_http_log_module.c
cc -c -pipe  -O -W -Wall -Wpointer-arith -Wno-unused-parameter -Werror -g  -I src/core -I src/event -I src/event/modules -I src/os/unix -I objs -I src/http -I src/http/modules \
		-o objs/src/http/ngx_http_request_body.o \
		src/http/ngx_http_request_body.c
cc -c -pipe  -O -W -Wall -Wpointer-arith -Wno-unused-parameter -Werror -g  -I src/core -I src/event -I src/event/modules -I src/os/unix -I objs -I src/http -I src/http/modules \
		-o objs/src/http/ngx_http_variables.o \
		src/http/ngx_http_variables.c
cc -c -pipe  -O -W -Wall -Wpointer-arith -Wno-unused-parameter -Werror -g  -I src/core -I src/event -I src/event/modules -I src/os/unix -I objs -I src/http -I src/http/modules \
		-o objs/src/http/ngx_http_script.o \
		src/http/ngx_http_script.c
cc -c -pipe  -O -W -Wall -Wpointer-arith -Wno-unused-parameter -Werror -g  -I src/core -I src/event -I src/event/modules -I src/os/unix -I objs -I src/http -I src/http/modules \
		-o objs/src/http/ngx_http_upstream.o \
		src/http/ngx_http_upstream.c
cc -c -pipe  -O -W -Wall -Wpointer-arith -Wno-unused-parameter -Werror -g  -I src/core -I src/event -I src/event/modules -I src/os/unix -I objs -I src/http -I src/http/modules \
		-o objs/src/http/ngx_http_upstream_round_robin.o \
		src/http/ngx_http_upstream_round_robin.c
cc -c -pipe  -O -W -Wall -Wpointer-arith -Wno-unused-parameter -Werror -g  -I src/core -I src/event -I src/event/modules -I src/os/unix -I objs -I src/http -I src/http/modules \
		-o objs/src/http/ngx_http_parse_time.o \
		src/http/ngx_http_parse_time.c
cc -c -pipe  -O -W -Wall -Wpointer-arith -Wno-unused-parameter -Werror -g  -I src/core -I src/event -I src/event/modules -I src/os/unix -I objs -I src/http -I src/http/modules \
		-o objs/src/http/modules/ngx_http_static_module.o \
		src/http/modules/ngx_http_static_module.c
cc -c -pipe  -O -W -Wall -Wpointer-arith -Wno-unused-parameter -Werror -g  -I src/core -I src/event -I src/event/modules -I src/os/unix -I objs -I src/http -I src/http/modules \
		-o objs/src/http/modules/ngx_http_index_module.o \
		src/http/modules/ngx_http_index_module.c
cc -c -pipe  -O -W -Wall -Wpointer-arith -Wno-unused-parameter -Werror -g  -I src/core -I src/event -I src/event/modules -I src/os/unix -I objs -I src/http -I src/http/modules \
		-o objs/src/http/modules/ngx_http_chunked_filter_module.o \
		src/http/modules/ngx_http_chunked_filter_module.c
cc -c -pipe  -O -W -Wall -Wpointer-arith -Wno-unused-parameter -Werror -g  -I src/core -I src/event -I src/event/modules -I src/os/unix -I objs -I src/http -I src/http/modules \
		-o objs/src/http/modules/ngx_http_range_filter_module.o \
		src/http/modules/ngx_http_range_filter_module.c
cc -c -pipe  -O -W -Wall -Wpointer-arith -Wno-unused-parameter -Werror -g  -I src/core -I src/event -I src/event/modules -I src/os/unix -I objs -I src/http -I src/http/modules \
		-o objs/src/http/modules/ngx_http_headers_filter_module.o \
		src/http/modules/ngx_http_headers_filter_module.c
cc -c -pipe  -O -W -Wall -Wpointer-arith -Wno-unused-parameter -Werror -g  -I src/core -I src/event -I src/event/modules -I src/os/unix -I objs -I src/http -I src/http/modules \
		-o objs/src/http/modules/ngx_http_not_modified_filter_module.o \
		src/http/modules/ngx_http_not_modified_filter_module.c
cc -c -pipe  -O -W -Wall -Wpointer-arith -Wno-unused-parameter -Werror -g  -I src/core -I src/event -I src/event/modules -I src/os/unix -I objs -I src/http -I src/http/modules \
		-o objs/src/http/ngx_http_busy_lock.o \
		src/http/ngx_http_busy_lock.c
cc -c -pipe  -O -W -Wall -Wpointer-arith -Wno-unused-parameter -Werror -g  -I src/core -I src/event -I src/event/modules -I src/os/unix -I objs -I src/http -I src/http/modules \
		-o objs/src/http/ngx_http_file_cache.o \
		src/http/ngx_http_file_cache.c
cc -c -pipe  -O -W -Wall -Wpointer-arith -Wno-unused-parameter -Werror -g  -I src/core -I src/event -I src/event/modules -I src/os/unix -I objs -I src/http -I src/http/modules \
		-o objs/src/http/modules/ngx_http_gzip_filter_module.o \
		src/http/modules/ngx_http_gzip_filter_module.c
cc -c -pipe  -O -W -Wall -Wpointer-arith -Wno-unused-parameter -Werror -g  -I src/core -I src/event -I src/event/modules -I src/os/unix -I objs -I src/http -I src/http/modules \
		-o objs/src/http/ngx_http_postpone_filter_module.o \
		src/http/ngx_http_postpone_filter_module.c
cc -c -pipe  -O -W -Wall -Wpointer-arith -Wno-unused-parameter -Werror -g  -I src/core -I src/event -I src/event/modules -I src/os/unix -I objs -I src/http -I src/http/modules \
		-o objs/src/http/modules/ngx_http_ssi_filter_module.o \
		src/http/modules/ngx_http_ssi_filter_module.c
cc -c -pipe  -O -W -Wall -Wpointer-arith -Wno-unused-parameter -Werror -g  -I src/core -I src/event -I src/event/modules -I src/os/unix -I objs -I src/http -I src/http/modules \
		-o objs/src/http/modules/ngx_http_charset_filter_module.o \
		src/http/modules/ngx_http_charset_filter_module.c
cc -c -pipe  -O -W -Wall -Wpointer-arith -Wno-unused-parameter -Werror -g  -I src/core -I src/event -I src/event/modules -I src/os/unix -I objs -I src/http -I src/http/modules \
		-o objs/src/http/modules/ngx_http_userid_filter_module.o \
		src/http/modules/ngx_http_userid_filter_module.c
cc -c -pipe  -O -W -Wall -Wpointer-arith -Wno-unused-parameter -Werror -g  -I src/core -I src/event -I src/event/modules -I src/os/unix -I objs -I src/http -I src/http/modules \
		-o objs/src/http/modules/ngx_http_gzip_static_module.o \
		src/http/modules/ngx_http_gzip_static_module.c
cc -c -pipe  -O -W -Wall -Wpointer-arith -Wno-unused-parameter -Werror -g  -I src/core -I src/event -I src/event/modules -I src/os/unix -I objs -I src/http -I src/http/modules \
		-o objs/src/http/modules/ngx_http_autoindex_module.o \
		src/http/modules/ngx_http_autoindex_module.c
cc -c -pipe  -O -W -Wall -Wpointer-arith -Wno-unused-parameter -Werror -g  -I src/core -I src/event -I src/event/modules -I src/os/unix -I objs -I src/http -I src/http/modules \
		-o objs/src/http/modules/ngx_http_auth_basic_module.o \
		src/http/modules/ngx_http_auth_basic_module.c
cc -c -pipe  -O -W -Wall -Wpointer-arith -Wno-unused-parameter -Werror -g  -I src/core -I src/event -I src/event/modules -I src/os/unix -I objs -I src/http -I src/http/modules \
		-o objs/src/http/modules/ngx_http_access_module.o \
		src/http/modules/ngx_http_access_module.c
cc -c -pipe  -O -W -Wall -Wpointer-arith -Wno-unused-parameter -Werror -g  -I src/core -I src/event -I src/event/modules -I src/os/unix -I objs -I src/http -I src/http/modules \
		-o objs/src/http/modules/ngx_http_limit_conn_module.o \
		src/http/modules/ngx_http_limit_conn_module.c
cc -c -pipe  -O -W -Wall -Wpointer-arith -Wno-unused-parameter -Werror -g  -I src/core -I src/event -I src/event/modules -I src/os/unix -I objs -I src/http -I src/http/modules \
		-o objs/src/http/modules/ngx_http_limit_req_module.o \
		src/http/modules/ngx_http_limit_req_module.c
cc -c -pipe  -O -W -Wall -Wpointer-arith -Wno-unused-parameter -Werror -g  -I src/core -I src/event -I src/event/modules -I src/os/unix -I objs -I src/http -I src/http/modules \
		-o objs/src/http/modules/ngx_http_geo_module.o \
		src/http/modules/ngx_http_geo_module.c
cc -c -pipe  -O -W -Wall -Wpointer-arith -Wno-unused-parameter -Werror -g  -I src/core -I src/event -I src/event/modules -I src/os/unix -I objs -I src/http -I src/http/modules \
		-o objs/src/http/modules/ngx_http_map_module.o \
		src/http/modules/ngx_http_map_module.c
cc -c -pipe  -O -W -Wall -Wpointer-arith -Wno-unused-parameter -Werror -g  -I src/core -I src/event -I src/event/modules -I src/os/unix -I objs -I src/http -I src/http/modules \
		-o objs/src/http/modules/ngx_http_split_clients_module.o \
		src/http/modules/ngx_http_split_clients_module.c
cc -c -pipe  -O -W -Wall -Wpointer-arith -Wno-unused-parameter -Werror -g  -I src/core -I src/event -I src/event/modules -I src/os/unix -I objs -I src/http -I src/http/modules \
		-o objs/src/http/modules/ngx_http_referer_module.o \
		src/http/modules/ngx_http_referer_module.c
cc -c -pipe  -O -W -Wall -Wpointer-arith -Wno-unused-parameter -Werror -g  -I src/core -I src/event -I src/event/modules -I src/os/unix -I objs -I src/http -I src/http/modules \
		-o objs/src/http/modules/ngx_http_rewrite_module.o \
		src/http/modules/ngx_http_rewrite_module.c
cc -c -pipe  -O -W -Wall -Wpointer-arith -Wno-unused-parameter -Werror -g  -I src/core -I src/event -I src/event/modules -I src/os/unix -I objs -I src/http -I src/http/modules \
		-o objs/src/http/modules/ngx_http_proxy_module.o \
		src/http/modules/ngx_http_proxy_module.c
cc -c -pipe  -O -W -Wall -Wpointer-arith -Wno-unused-parameter -Werror -g  -I src/core -I src/event -I src/event/modules -I src/os/unix -I objs -I src/http -I src/http/modules \
		-o objs/src/http/modules/ngx_http_fastcgi_module.o \
		src/http/modules/ngx_http_fastcgi_module.c
cc -c -pipe  -O -W -Wall -Wpointer-arith -Wno-unused-parameter -Werror -g  -I src/core -I src/event -I src/event/modules -I src/os/unix -I objs -I src/http -I src/http/modules \
		-o objs/src/http/modules/ngx_http_uwsgi_module.o \
		src/http/modules/ngx_http_uwsgi_module.c
cc -c -pipe  -O -W -Wall -Wpointer-arith -Wno-unused-parameter -Werror -g  -I src/core -I src/event -I src/event/modules -I src/os/unix -I objs -I src/http -I src/http/modules \
		-o objs/src/http/modules/ngx_http_scgi_module.o \
		src/http/modules/ngx_http_scgi_module.c
cc -c -pipe  -O -W -Wall -Wpointer-arith -Wno-unused-parameter -Werror -g  -I src/core -I src/event -I src/event/modules -I src/os/unix -I objs -I src/http -I src/http/modules \
		-o objs/src/http/modules/ngx_http_memcached_module.o \
		src/http/modules/ngx_http_memcached_module.c
cc -c -pipe  -O -W -Wall -Wpointer-arith -Wno-unused-parameter -Werror -g  -I src/core -I src/event -I src/event/modules -I src/os/unix -I objs -I src/http -I src/http/modules \
		-o objs/src/http/modules/ngx_http_empty_gif_module.o \
		src/http/modules/ngx_http_empty_gif_module.c
cc -c -pipe  -O -W -Wall -Wpointer-arith -Wno-unused-parameter -Werror -g  -I src/core -I src/event -I src/event/modules -I src/os/unix -I objs -I src/http -I src/http/modules \
		-o objs/src/http/modules/ngx_http_browser_module.o \
		src/http/modules/ngx_http_browser_module.c
cc -c -pipe  -O -W -Wall -Wpointer-arith -Wno-unused-parameter -Werror -g  -I src/core -I src/event -I src/event/modules -I src/os/unix -I objs -I src/http -I src/http/modules \
		-o objs/src/http/modules/ngx_http_flv_module.o \
		src/http/modules/ngx_http_flv_module.c
cc -c -pipe  -O -W -Wall -Wpointer-arith -Wno-unused-parameter -Werror -g  -I src/core -I src/event -I src/event/modules -I src/os/unix -I objs -I src/http -I src/http/modules \
		-o objs/src/http/modules/ngx_http_upstream_ip_hash_module.o \
		src/http/modules/ngx_http_upstream_ip_hash_module.c
cc -c -pipe  -O -W -Wall -Wpointer-arith -Wno-unused-parameter -Werror -g  -I src/core -I src/event -I src/event/modules -I src/os/unix -I objs -I src/http -I src/http/modules \
		-o objs/src/http/modules/ngx_http_upstream_least_conn_module.o \
		src/http/modules/ngx_http_upstream_least_conn_module.c
cc -c -pipe  -O -W -Wall -Wpointer-arith -Wno-unused-parameter -Werror -g  -I src/core -I src/event -I src/event/modules -I src/os/unix -I objs -I src/http -I src/http/modules \
		-o objs/src/http/modules/ngx_http_upstream_keepalive_module.o \
		src/http/modules/ngx_http_upstream_keepalive_module.c
cc -c -pipe  -O -W -Wall -Wpointer-arith -Wno-unused-parameter -Werror -g  -I src/core -I src/event -I src/event/modules -I src/os/unix -I objs \
		-o objs/ngx_modules.o \
		objs/ngx_modules.c
cc -o objs/nginx \
	objs/src/core/nginx.o \
	objs/src/core/ngx_log.o \
	objs/src/core/ngx_palloc.o \
	objs/src/core/ngx_array.o \
	objs/src/core/ngx_list.o \
	objs/src/core/ngx_hash.o \
	objs/src/core/ngx_buf.o \
	objs/src/core/ngx_queue.o \
	objs/src/core/ngx_output_chain.o \
	objs/src/core/ngx_string.o \
	objs/src/core/ngx_parse.o \
	objs/src/core/ngx_inet.o \
	objs/src/core/ngx_file.o \
	objs/src/core/ngx_crc32.o \
	objs/src/core/ngx_murmurhash.o \
	objs/src/core/ngx_md5.o \
	objs/src/core/ngx_rbtree.o \
	objs/src/core/ngx_radix_tree.o \
	objs/src/core/ngx_slab.o \
	objs/src/core/ngx_times.o \
	objs/src/core/ngx_shmtx.o \
	objs/src/core/ngx_connection.o \
	objs/src/core/ngx_cycle.o \
	objs/src/core/ngx_spinlock.o \
	objs/src/core/ngx_cpuinfo.o \
	objs/src/core/ngx_conf_file.o \
	objs/src/core/ngx_resolver.o \
	objs/src/core/ngx_open_file_cache.o \
	objs/src/core/ngx_crypt.o \
	objs/src/event/ngx_event.o \
	objs/src/event/ngx_event_timer.o \
	objs/src/event/ngx_event_posted.o \
	objs/src/event/ngx_event_busy_lock.o \
	objs/src/event/ngx_event_accept.o \
	objs/src/event/ngx_event_connect.o \
	objs/src/event/ngx_event_pipe.o \
	objs/src/os/unix/ngx_time.o \
	objs/src/os/unix/ngx_errno.o \
	objs/src/os/unix/ngx_alloc.o \
	objs/src/os/unix/ngx_files.o \
	objs/src/os/unix/ngx_socket.o \
	objs/src/os/unix/ngx_recv.o \
	objs/src/os/unix/ngx_readv_chain.o \
	objs/src/os/unix/ngx_udp_recv.o \
	objs/src/os/unix/ngx_send.o \
	objs/src/os/unix/ngx_writev_chain.o \
	objs/src/os/unix/ngx_channel.o \
	objs/src/os/unix/ngx_shmem.o \
	objs/src/os/unix/ngx_process.o \
	objs/src/os/unix/ngx_daemon.o \
	objs/src/os/unix/ngx_setaffinity.o \
	objs/src/os/unix/ngx_setproctitle.o \
	objs/src/os/unix/ngx_posix_init.o \
	objs/src/os/unix/ngx_user.o \
	objs/src/os/unix/ngx_process_cycle.o \
	objs/src/os/unix/ngx_linux_init.o \
	objs/src/event/modules/ngx_epoll_module.o \
	objs/src/os/unix/ngx_linux_sendfile_chain.o \
	objs/src/core/ngx_regex.o \
	objs/src/http/ngx_http.o \
	objs/src/http/ngx_http_core_module.o \
	objs/src/http/ngx_http_special_response.o \
	objs/src/http/ngx_http_request.o \
	objs/src/http/ngx_http_parse.o \
	objs/src/http/ngx_http_header_filter_module.o \
	objs/src/http/ngx_http_write_filter_module.o \
	objs/src/http/ngx_http_copy_filter_module.o \
	objs/src/http/modules/ngx_http_log_module.o \
	objs/src/http/ngx_http_request_body.o \
	objs/src/http/ngx_http_variables.o \
	objs/src/http/ngx_http_script.o \
	objs/src/http/ngx_http_upstream.o \
	objs/src/http/ngx_http_upstream_round_robin.o \
	objs/src/http/ngx_http_parse_time.o \
	objs/src/http/modules/ngx_http_static_module.o \
	objs/src/http/modules/ngx_http_index_module.o \
	objs/src/http/modules/ngx_http_chunked_filter_module.o \
	objs/src/http/modules/ngx_http_range_filter_module.o \
	objs/src/http/modules/ngx_http_headers_filter_module.o \
	objs/src/http/modules/ngx_http_not_modified_filter_module.o \
	objs/src/http/ngx_http_busy_lock.o \
	objs/src/http/ngx_http_file_cache.o \
	objs/src/http/modules/ngx_http_gzip_filter_module.o \
	objs/src/http/ngx_http_postpone_filter_module.o \
	objs/src/http/modules/ngx_http_ssi_filter_module.o \
	objs/src/http/modules/ngx_http_charset_filter_module.o \
	objs/src/http/modules/ngx_http_userid_filter_module.o \
	objs/src/http/modules/ngx_http_gzip_static_module.o \
	objs/src/http/modules/ngx_http_autoindex_module.o \
	objs/src/http/modules/ngx_http_auth_basic_module.o \
	objs/src/http/modules/ngx_http_access_module.o \
	objs/src/http/modules/ngx_http_limit_conn_module.o \
	objs/src/http/modules/ngx_http_limit_req_module.o \
	objs/src/http/modules/ngx_http_geo_module.o \
	objs/src/http/modules/ngx_http_map_module.o \
	objs/src/http/modules/ngx_http_split_clients_module.o \
	objs/src/http/modules/ngx_http_referer_module.o \
	objs/src/http/modules/ngx_http_rewrite_module.o \
	objs/src/http/modules/ngx_http_proxy_module.o \
	objs/src/http/modules/ngx_http_fastcgi_module.o \
	objs/src/http/modules/ngx_http_uwsgi_module.o \
	objs/src/http/modules/ngx_http_scgi_module.o \
	objs/src/http/modules/ngx_http_memcached_module.o \
	objs/src/http/modules/ngx_http_empty_gif_module.o \
	objs/src/http/modules/ngx_http_browser_module.o \
	objs/src/http/modules/ngx_http_flv_module.o \
	objs/src/http/modules/ngx_http_upstream_ip_hash_module.o \
	objs/src/http/modules/ngx_http_upstream_least_conn_module.o \
	objs/src/http/modules/ngx_http_upstream_keepalive_module.o \
	objs/ngx_modules.o \
	-lpthread -lcrypt -lpcre -lcrypto -lcrypto -lz
make[1]: Leaving directory `/home/nginx/nginx_buro/src/nginx-1.5.1'
make -f objs/Makefile manpage
make[1]: Entering directory `/home/nginx/nginx_buro/src/nginx-1.5.1'
sed -e "s|%%PREFIX%%|/home/nginx/nginx_buro/nginx|" \
		-e "s|%%PID_PATH%%|/home/nginx/nginx_buro/nginx/run/nginx/nginx.pid|" \
		-e "s|%%CONF_PATH%%|/home/nginx/nginx_buro/nginx/nginx.conf|" \
		-e "s|%%ERROR_LOG_PATH%%|/home/nginx/nginx_buro/nginx/log/nginx/error.log|" \
		< man/nginx.8 > objs/nginx.8
make[1]: Leaving directory `/home/nginx/nginx_buro/src/nginx-1.5.1'
make -f objs/Makefile install
make[1]: Entering directory `/home/nginx/nginx_buro/src/nginx-1.5.1'
test -d '/home/nginx/nginx_buro/nginx' || mkdir -p '/home/nginx/nginx_buro/nginx'
test -d '/home/nginx/nginx_buro/nginx/sbin' 		|| mkdir -p '/home/nginx/nginx_buro/nginx/sbin'
test ! -f '/home/nginx/nginx_buro/nginx/sbin/nginx' 		|| mv '/home/nginx/nginx_buro/nginx/sbin/nginx' 			'/home/nginx/nginx_buro/nginx/sbin/nginx.old'
cp objs/nginx '/home/nginx/nginx_buro/nginx/sbin/nginx'
test -d '/home/nginx/nginx_buro/nginx' 		|| mkdir -p '/home/nginx/nginx_buro/nginx'
cp conf/koi-win '/home/nginx/nginx_buro/nginx'
cp conf/koi-utf '/home/nginx/nginx_buro/nginx'
cp conf/win-utf '/home/nginx/nginx_buro/nginx'
test -f '/home/nginx/nginx_buro/nginx/mime.types' 		|| cp conf/mime.types '/home/nginx/nginx_buro/nginx'
cp conf/mime.types '/home/nginx/nginx_buro/nginx/mime.types.default'
test -f '/home/nginx/nginx_buro/nginx/fastcgi_params' 		|| cp conf/fastcgi_params '/home/nginx/nginx_buro/nginx'
cp conf/fastcgi_params 		'/home/nginx/nginx_buro/nginx/fastcgi_params.default'
test -f '/home/nginx/nginx_buro/nginx/fastcgi.conf' 		|| cp conf/fastcgi.conf '/home/nginx/nginx_buro/nginx'
cp conf/fastcgi.conf '/home/nginx/nginx_buro/nginx/fastcgi.conf.default'
test -f '/home/nginx/nginx_buro/nginx/uwsgi_params' 		|| cp conf/uwsgi_params '/home/nginx/nginx_buro/nginx'
cp conf/uwsgi_params 		'/home/nginx/nginx_buro/nginx/uwsgi_params.default'
test -f '/home/nginx/nginx_buro/nginx/scgi_params' 		|| cp conf/scgi_params '/home/nginx/nginx_buro/nginx'
cp conf/scgi_params 		'/home/nginx/nginx_buro/nginx/scgi_params.default'
test -f '/home/nginx/nginx_buro/nginx/nginx.conf' 		|| cp conf/nginx.conf '/home/nginx/nginx_buro/nginx/nginx.conf'
cp conf/nginx.conf '/home/nginx/nginx_buro/nginx/nginx.conf.default'
test -d '/home/nginx/nginx_buro/nginx/run/nginx' 		|| mkdir -p '/home/nginx/nginx_buro/nginx/run/nginx'
test -d '/home/nginx/nginx_buro/nginx/log/nginx' || 		mkdir -p '/home/nginx/nginx_buro/nginx/log/nginx'
test -d '/home/nginx/nginx_buro/nginx/html' 		|| cp -R html '/home/nginx/nginx_buro/nginx'
test -d '/home/nginx/nginx_buro/nginx/log/nginx' || 		mkdir -p '/home/nginx/nginx_buro/nginx/log/nginx'
make[1]: Leaving directory `/home/nginx/nginx_buro/src/nginx-1.5.1'
using profile: buildconf/default.ini
detected include path: ['/usr/lib/gcc/x86_64-linux-gnu/4.7/include', '/usr/local/include', '/usr/lib/gcc/x86_64-linux-gnu/4.7/include-fixed', '/usr/include/x86_64-linux-gnu', '/usr/include']
detected CPU cores: 1
configured CFLAGS: -O2 -I. -Wall -Werror -D_LARGEFILE_SOURCE -D_FILE_OFFSET_BITS=64 -fno-strict-aliasing -Wextra -Wno-unused-parameter -Wno-missing-field-initializers -DUWSGI_HAS_IFADDRS -DUWSGI_ZLIB -DUWSGI_LOCK_USE_MUTEX -DUWSGI_EVENT_USE_EPOLL -DUWSGI_EVENT_TIMER_USE_TIMERFD -DUWSGI_EVENT_FILEMONITOR_USE_INOTIFY  -DUWSGI_PCRE -DUWSGI_ROUTING -DUWSGI_VERSION="\"1.9.12\"" -DUWSGI_VERSION_BASE="1" -DUWSGI_VERSION_MAJOR="9" -DUWSGI_VERSION_MINOR="12" -DUWSGI_VERSION_REVISION="0" -DUWSGI_VERSION_CUSTOM="\"\"" -DUWSGI_YAML -DUWSGI_SSL -I/usr/include/libxml2 -DUWSGI_XML -DUWSGI_XML_LIBXML2 -DUWSGI_PLUGIN_DIR=\".\" -DUWSGI_DECLARE_EMBEDDED_PLUGINS="UDEP(python);UDEP(gevent);UDEP(ping);UDEP(cache);UDEP(nagios);UDEP(rrdtool);UDEP(carbon);UDEP(rpc);UDEP(corerouter);UDEP(fastrouter);UDEP(http);UDEP(ugreen);UDEP(signal);UDEP(syslog);UDEP(rsyslog);UDEP(logsocket);UDEP(router_uwsgi);UDEP(router_redirect);UDEP(router_basicauth);UDEP(zergpool);UDEP(redislog);UDEP(mongodblog);UDEP(router_rewrite);UDEP(router_http);UDEP(logfile);UDEP(router_cache);UDEP(rawrouter);UDEP(router_static);UDEP(sslrouter);UDEP(spooler);UDEP(cheaper_busyness);UDEP(symcall);UDEP(transformation_tofile);UDEP(transformation_gzip);UDEP(transformation_chunked);UDEP(transformation_offload);UDEP(router_memcached);UDEP(router_redis);UDEP(router_hash);" -DUWSGI_LOAD_EMBEDDED_PLUGINS="ULEP(python);ULEP(gevent);ULEP(ping);ULEP(cache);ULEP(nagios);ULEP(rrdtool);ULEP(carbon);ULEP(rpc);ULEP(corerouter);ULEP(fastrouter);ULEP(http);ULEP(ugreen);ULEP(signal);ULEP(syslog);ULEP(rsyslog);ULEP(logsocket);ULEP(router_uwsgi);ULEP(router_redirect);ULEP(router_basicauth);ULEP(zergpool);ULEP(redislog);ULEP(mongodblog);ULEP(router_rewrite);ULEP(router_http);ULEP(logfile);ULEP(router_cache);ULEP(rawrouter);ULEP(router_static);ULEP(sslrouter);ULEP(spooler);ULEP(cheaper_busyness);ULEP(symcall);ULEP(transformation_tofile);ULEP(transformation_gzip);ULEP(transformation_chunked);ULEP(transformation_offload);ULEP(router_memcached);ULEP(router_redis);ULEP(router_hash);"
*** uWSGI compiling server core ***
[gcc -pthread] core/utils.o
[gcc -pthread] core/protocol.o
[gcc -pthread] core/socket.o
[gcc -pthread] core/logging.o
[gcc -pthread] core/master.o
[gcc -pthread] core/master_utils.o
[gcc -pthread] core/emperor.o
[gcc -pthread] core/notify.o
[gcc -pthread] core/mule.o
[gcc -pthread] core/subscription.o
[gcc -pthread] core/stats.o
[gcc -pthread] core/sendfile.o
[gcc -pthread] core/async.o
[gcc -pthread] core/master_checks.o
[gcc -pthread] core/offload.o
[gcc -pthread] core/io.o
[gcc -pthread] core/static.o
[gcc -pthread] core/websockets.o
[gcc -pthread] core/spooler.o
[gcc -pthread] core/snmp.o
[gcc -pthread] core/exceptions.o
[gcc -pthread] core/config.o
[gcc -pthread] core/setup_utils.o
[gcc -pthread] core/clock.o
[gcc -pthread] core/init.o
[gcc -pthread] core/buffer.o
[gcc -pthread] core/reader.o
[gcc -pthread] core/writer.o
[gcc -pthread] core/alarm.o
[gcc -pthread] core/cron.o
[gcc -pthread] core/plugins.o
[gcc -pthread] core/lock.o
[gcc -pthread] core/cache.o
[gcc -pthread] core/daemons.o
[gcc -pthread] core/errors.o
[gcc -pthread] core/hash.o
[gcc -pthread] core/master_events.o
[gcc -pthread] core/queue.o
[gcc -pthread] core/event.o
[gcc -pthread] core/signal.o
[gcc -pthread] core/strings.o
[gcc -pthread] core/progress.o
[gcc -pthread] core/timebomb.o
[gcc -pthread] core/ini.o
[gcc -pthread] core/rpc.o
[gcc -pthread] core/gateway.o
[gcc -pthread] core/loop.o
[gcc -pthread] core/cookie.o
[gcc -pthread] core/querystring.o
[gcc -pthread] core/rb_timers.o
[gcc -pthread] core/transformations.o
[gcc -pthread] core/uwsgi.o
[gcc -pthread] proto/base.o
[gcc -pthread] proto/uwsgi.o
[gcc -pthread] proto/http.o
[gcc -pthread] proto/fastcgi.o
[gcc -pthread] proto/scgi.o
[gcc -pthread] lib/linux_ns.o
[gcc -pthread] core/zlib.o
[gcc -pthread] core/regexp.o
[gcc -pthread] core/routing.o
[gcc -pthread] core/yaml.o
[gcc -pthread] core/ssl.o
[gcc -pthread] core/legion.o
[gcc -pthread] core/xmlconf.o
*** uWSGI compiling embedded plugins ***
[gcc -pthread] plugins/python/python_plugin.o
[gcc -pthread] plugins/python/pyutils.o
[gcc -pthread] plugins/python/pyloader.o
[gcc -pthread] plugins/python/wsgi_handlers.o
[gcc -pthread] plugins/python/wsgi_headers.o
[gcc -pthread] plugins/python/wsgi_subhandler.o
[gcc -pthread] plugins/python/web3_subhandler.o
[gcc -pthread] plugins/python/pump_subhandler.o
[gcc -pthread] plugins/python/gil.o
[gcc -pthread] plugins/python/uwsgi_pymodule.o
[gcc -pthread] plugins/python/profiler.o
[gcc -pthread] plugins/python/symimporter.o
[gcc -pthread] plugins/python/tracebacker.o
[gcc -pthread] plugins/gevent/gevent.o
[gcc -pthread] plugins/gevent/hooks.o
[gcc -pthread] plugins/ping/ping_plugin.o
[gcc -pthread] plugins/cache/cache.o
[gcc -pthread] plugins/nagios/nagios.o
[gcc -pthread] plugins/rrdtool/rrdtool.o
[gcc -pthread] plugins/carbon/carbon.o
[gcc -pthread] plugins/rpc/rpc_plugin.o
[gcc -pthread] plugins/corerouter/cr_common.o
[gcc -pthread] plugins/corerouter/cr_map.o
[gcc -pthread] plugins/corerouter/corerouter.o
[gcc -pthread] plugins/fastrouter/fastrouter.o
[gcc -pthread] plugins/http/http.o
[gcc -pthread] plugins/http/keepalive.o
[gcc -pthread] plugins/http/https.o
[gcc -pthread] plugins/http/spdy3.o
[gcc -pthread] plugins/ugreen/ugreen.o
[gcc -pthread] plugins/signal/signal_plugin.o
[gcc -pthread] plugins/syslog/syslog_plugin.o
[gcc -pthread] plugins/rsyslog/rsyslog_plugin.o
[gcc -pthread] plugins/logsocket/logsocket_plugin.o
[gcc -pthread] plugins/router_uwsgi/router_uwsgi.o
[gcc -pthread] plugins/router_redirect/router_redirect.o
[gcc -pthread] plugins/router_basicauth/router_basicauth.o
[gcc -pthread] plugins/zergpool/zergpool.o
[gcc -pthread] plugins/redislog/redislog_plugin.o
[gcc -pthread] plugins/mongodblog/mongodblog_plugin.o
[gcc -pthread] plugins/router_rewrite/router_rewrite.o
[gcc -pthread] plugins/router_http/router_http.o
[gcc -pthread] plugins/logfile/logfile.o
[gcc -pthread] plugins/router_cache/router_cache.o
[gcc -pthread] plugins/rawrouter/rawrouter.o
[gcc -pthread] plugins/router_static/router_static.o
[gcc -pthread] plugins/sslrouter/sslrouter.o
[gcc -pthread] plugins/spooler/spooler_plugin.o
[gcc -pthread] plugins/cheaper_busyness/cheaper_busyness.o
[gcc -pthread] plugins/symcall/symcall_plugin.o
[gcc -pthread] plugins/transformation_tofile/tofile.o
[gcc -pthread] plugins/transformation_gzip/gzip.o
[gcc -pthread] plugins/transformation_chunked/chunked.o
[gcc -pthread] plugins/transformation_offload/offload.o
[gcc -pthread] plugins/router_memcached/router_memcached.o
[gcc -pthread] plugins/router_redis/router_redis.o
[gcc -pthread] plugins/router_hash/router_hash.o
*** uWSGI linking ***
gcc -pthread -o uwsgi  core/utils.o core/protocol.o core/socket.o core/logging.o core/master.o core/master_utils.o core/emperor.o core/notify.o core/mule.o core/subscription.o core/stats.o core/sendfile.o core/async.o core/master_checks.o core/offload.o core/io.o core/static.o core/websockets.o core/spooler.o core/snmp.o core/exceptions.o core/config.o core/setup_utils.o core/clock.o core/init.o core/buffer.o core/reader.o core/writer.o core/alarm.o core/cron.o core/plugins.o core/lock.o core/cache.o core/daemons.o core/errors.o core/hash.o core/master_events.o core/queue.o core/event.o core/signal.o core/strings.o core/progress.o core/timebomb.o core/ini.o core/rpc.o core/gateway.o core/loop.o core/cookie.o core/querystring.o core/rb_timers.o core/transformations.o core/uwsgi.o proto/base.o proto/uwsgi.o proto/http.o proto/fastcgi.o proto/scgi.o lib/linux_ns.o core/zlib.o core/regexp.o core/routing.o core/yaml.o core/ssl.o core/legion.o core/xmlconf.o plugins/python/python_plugin.o plugins/python/pyutils.o plugins/python/pyloader.o plugins/python/wsgi_handlers.o plugins/python/wsgi_headers.o plugins/python/wsgi_subhandler.o plugins/python/web3_subhandler.o plugins/python/pump_subhandler.o plugins/python/gil.o plugins/python/uwsgi_pymodule.o plugins/python/profiler.o plugins/python/symimporter.o plugins/python/tracebacker.o plugins/gevent/gevent.o plugins/gevent/hooks.o plugins/ping/ping_plugin.o plugins/cache/cache.o plugins/nagios/nagios.o plugins/rrdtool/rrdtool.o plugins/carbon/carbon.o plugins/rpc/rpc_plugin.o plugins/corerouter/cr_common.o plugins/corerouter/cr_map.o plugins/corerouter/corerouter.o plugins/fastrouter/fastrouter.o plugins/http/http.o plugins/http/keepalive.o plugins/http/https.o plugins/http/spdy3.o plugins/ugreen/ugreen.o plugins/signal/signal_plugin.o plugins/syslog/syslog_plugin.o plugins/rsyslog/rsyslog_plugin.o plugins/logsocket/logsocket_plugin.o plugins/router_uwsgi/router_uwsgi.o plugins/router_redirect/router_redirect.o plugins/router_basicauth/router_basicauth.o plugins/zergpool/zergpool.o plugins/redislog/redislog_plugin.o plugins/mongodblog/mongodblog_plugin.o plugins/router_rewrite/router_rewrite.o plugins/router_http/router_http.o plugins/logfile/logfile.o plugins/router_cache/router_cache.o plugins/rawrouter/rawrouter.o plugins/router_static/router_static.o plugins/sslrouter/sslrouter.o plugins/spooler/spooler_plugin.o plugins/cheaper_busyness/cheaper_busyness.o plugins/symcall/symcall_plugin.o plugins/transformation_tofile/tofile.o plugins/transformation_gzip/gzip.o plugins/transformation_chunked/chunked.o plugins/transformation_offload/offload.o plugins/router_memcached/router_memcached.o plugins/router_redis/router_redis.o plugins/router_hash/router_hash.o -lpthread -lm -rdynamic -ldl -lz -L/usr/lib/x86_64-linux-gnu -lpcre -lssl -lcrypto -L/usr/lib -lxml2 -lpthread -ldl -lutil -lm /usr/lib/python2.7/config/libpython2.7.so -lutil -lcrypt
################# uWSGI configuration #################

pcre = True
kernel = Linux
malloc = libc
execinfo = False
ifaddrs = True
ssl = True
matheval = False
zlib = True
locking = pthread_mutex
plugin_dir = .
timer = timerfd
yaml = True
json = False
filemonitor = inotify
routing = True
debug = False
zeromq = False
capabilities = False
xml = libxml2
event = epoll

############## end of uWSGI configuration #############
*** uWSGI is ready, launch it with ./uwsgi ***
